[main] INFO  com.qa.api.utility.Client  - ********** send GET request *************
  [main] INFO  com.qa.api.utility.Client  - URL https://reqres.in/api/users
  [main] INFO  com.qa.api.utility.Client  - Headers: {Accept=application/json, content-type=application/json}
  [main] INFO  com.qa.api.utility.Client  - Parameters: {page=2}
  [main] INFO  com.qa.api.utility.Client  - *****************************************
  [main] DEBUG org.apache.http.impl.conn.BasicClientConnectionManager  - Get connection for route {s}->https://reqres.in:443
  [main] DEBUG org.apache.http.impl.conn.DefaultClientConnectionOperator  - Connecting to reqres.in:443
  [main] DEBUG org.apache.http.client.protocol.RequestAddCookies  - CookieSpec selected: ignoreCookies
  [main] DEBUG org.apache.http.client.protocol.RequestAuthCache  - Auth cache not set in the context
  [main] DEBUG org.apache.http.client.protocol.RequestTargetAuthentication  - Target auth state: UNCHALLENGED
  [main] DEBUG org.apache.http.client.protocol.RequestProxyAuthentication  - Proxy auth state: UNCHALLENGED
  [main] DEBUG org.apache.http.impl.client.DefaultHttpClient  - Attempt 1 to execute request
  [main] DEBUG org.apache.http.impl.conn.DefaultClientConnection  - Sending request: GET /api/users?page=2 HTTP/1.1
  [main] DEBUG org.apache.http.wire  -  >> "GET /api/users?page=2 HTTP/1.1[\r][\n]"
  [main] DEBUG org.apache.http.wire  -  >> "Content-Type: application/json[\r][\n]"
  [main] DEBUG org.apache.http.wire  -  >> "Accept: application/json[\r][\n]"
  [main] DEBUG org.apache.http.wire  -  >> "Host: reqres.in[\r][\n]"
  [main] DEBUG org.apache.http.wire  -  >> "Connection: Keep-Alive[\r][\n]"
  [main] DEBUG org.apache.http.wire  -  >> "User-Agent: Apache-HttpClient/4.5.13 (Java/1.8.0_202)[\r][\n]"
  [main] DEBUG org.apache.http.wire  -  >> "Accept-Encoding: gzip,deflate[\r][\n]"
  [main] DEBUG org.apache.http.wire  -  >> "[\r][\n]"
  [main] DEBUG org.apache.http.headers  - >> GET /api/users?page=2 HTTP/1.1
  [main] DEBUG org.apache.http.headers  - >> Content-Type: application/json
  [main] DEBUG org.apache.http.headers  - >> Accept: application/json
  [main] DEBUG org.apache.http.headers  - >> Host: reqres.in
  [main] DEBUG org.apache.http.headers  - >> Connection: Keep-Alive
  [main] DEBUG org.apache.http.headers  - >> User-Agent: Apache-HttpClient/4.5.13 (Java/1.8.0_202)
  [main] DEBUG org.apache.http.headers  - >> Accept-Encoding: gzip,deflate
  [main] DEBUG org.apache.http.wire  -  << "HTTP/1.1 200 OK[\r][\n]"
  [main] DEBUG org.apache.http.wire  -  << "Date: Fri, 19 May 2023 06:27:25 GMT[\r][\n]"
  [main] DEBUG org.apache.http.wire  -  << "Content-Type: application/json; charset=utf-8[\r][\n]"
  [main] DEBUG org.apache.http.wire  -  << "Transfer-Encoding: chunked[\r][\n]"
  [main] DEBUG org.apache.http.wire  -  << "Connection: keep-alive[\r][\n]"
  [main] DEBUG org.apache.http.wire  -  << "X-Powered-By: Express[\r][\n]"
  [main] DEBUG org.apache.http.wire  -  << "Access-Control-Allow-Origin: *[\r][\n]"
  [main] DEBUG org.apache.http.wire  -  << "Etag: W/"406-ut0vzoCuidvyMf8arZpMpJ6ZRDw"[\r][\n]"
  [main] DEBUG org.apache.http.wire  -  << "Via: 1.1 vegur[\r][\n]"
  [main] DEBUG org.apache.http.wire  -  << "Cache-Control: max-age=14400[\r][\n]"
  [main] DEBUG org.apache.http.wire  -  << "CF-Cache-Status: HIT[\r][\n]"
  [main] DEBUG org.apache.http.wire  -  << "Age: 935[\r][\n]"
  [main] DEBUG org.apache.http.wire  -  << "Report-To: {"endpoints":[{"url":"https:\/\/a.nel.cloudflare.com\/report\/v3?s=XktQieIs3Qsrtplfkjbh6IBpVn%2F4FUjNJ5cylw1R4Uo%2FDhFriy9DzTlgpLv0Fy9g73HA5tWXSfGzr%2Fmi6Tnepb2JL5m%2BNSsZo8PR7Y%2Fi7%2Bl3d%2FaUsMBOsJlRkw%3D%3D"}],"group":"cf-nel","max_age":604800}[\r][\n]"
  [main] DEBUG org.apache.http.wire  -  << "NEL: {"success_fraction":0,"report_to":"cf-nel","max_age":604800}[\r][\n]"
  [main] DEBUG org.apache.http.wire  -  << "Vary: Accept-Encoding[\r][\n]"
  [main] DEBUG org.apache.http.wire  -  << "Server: cloudflare[\r][\n]"
  [main] DEBUG org.apache.http.wire  -  << "CF-RAY: 7c9a4622fc4752a9-CCU[\r][\n]"
  [main] DEBUG org.apache.http.wire  -  << "Content-Encoding: gzip[\r][\n]"
  [main] DEBUG org.apache.http.wire  -  << "[\r][\n]"
  [main] DEBUG org.apache.http.impl.conn.DefaultClientConnection  - Receiving response: HTTP/1.1 200 OK
  [main] DEBUG org.apache.http.headers  - << HTTP/1.1 200 OK
  [main] DEBUG org.apache.http.headers  - << Date: Fri, 19 May 2023 06:27:25 GMT
  [main] DEBUG org.apache.http.headers  - << Content-Type: application/json; charset=utf-8
  [main] DEBUG org.apache.http.headers  - << Transfer-Encoding: chunked
  [main] DEBUG org.apache.http.headers  - << Connection: keep-alive
  [main] DEBUG org.apache.http.headers  - << X-Powered-By: Express
  [main] DEBUG org.apache.http.headers  - << Access-Control-Allow-Origin: *
  [main] DEBUG org.apache.http.headers  - << Etag: W/"406-ut0vzoCuidvyMf8arZpMpJ6ZRDw"
  [main] DEBUG org.apache.http.headers  - << Via: 1.1 vegur
  [main] DEBUG org.apache.http.headers  - << Cache-Control: max-age=14400
  [main] DEBUG org.apache.http.headers  - << CF-Cache-Status: HIT
  [main] DEBUG org.apache.http.headers  - << Age: 935
  [main] DEBUG org.apache.http.headers  - << Report-To: {"endpoints":[{"url":"https:\/\/a.nel.cloudflare.com\/report\/v3?s=XktQieIs3Qsrtplfkjbh6IBpVn%2F4FUjNJ5cylw1R4Uo%2FDhFriy9DzTlgpLv0Fy9g73HA5tWXSfGzr%2Fmi6Tnepb2JL5m%2BNSsZo8PR7Y%2Fi7%2Bl3d%2FaUsMBOsJlRkw%3D%3D"}],"group":"cf-nel","max_age":604800}
  [main] DEBUG org.apache.http.headers  - << NEL: {"success_fraction":0,"report_to":"cf-nel","max_age":604800}
  [main] DEBUG org.apache.http.headers  - << Vary: Accept-Encoding
  [main] DEBUG org.apache.http.headers  - << Server: cloudflare
  [main] DEBUG org.apache.http.headers  - << CF-RAY: 7c9a4622fc4752a9-CCU
  [main] DEBUG org.apache.http.headers  - << Content-Encoding: gzip
  [main] DEBUG org.apache.http.impl.client.DefaultHttpClient  - Connection can be kept alive indefinitely
  [main] DEBUG io.restassured.internal.RestAssuredHttpBuilder  - Parsing response as: application/json; charset=utf-8
  [main] DEBUG org.apache.http.wire  -  << "17b[\r][\n]"
  [main] DEBUG org.apache.http.wire  -  << "[0x1f][0x8b][0x8][0x0][0x0][0x0][0x0][0x0][0x0][0x3][0x8d][0xd2][0xcd]n[0xa3]0[0x14][0x86][0xe1][q[0xcf]l](Y[0xf4][0xc7][0xab][0xaa][0xd2][0xcc]t[0xd1]n[0xa2][0xd9]U[0xa3][0xea][0x4][0xe][0xe0][0xd6][0xd8][0xee][0xb1]i[0xa6][0x8a]r[0xef]UM4T[0x88]D[0xec][0x0][0xbf][0x1f]z[0x84][0xd8][0x81][0xc7][0x86]@[0xad]$x[0xe2][0xe7][0xe1][0xe6]RBt[0x11][\r][0xa8]bu[0xb8]L'!u[0x15]F[0x4][0xf5][0xb4][0x3]][0x81][0xba][0x92]@[0x1d]j[0x3][\n]"
  [main] DEBUG org.apache.http.wire  -  << ":][0xb6]H&3[0xb8][\r][0xce][0xde]2[0xbd]1[0x85]L[[0x90]Pk[0xe][0xf1][0xd9]bG[0xa0][0xe0]q[0xe8]@[0x82][0xc1][0xf1][0xe9]CZ[0x81][0x4]|[0xc7][0x88][0xc][\n]"
  [main] DEBUG org.apache.http.wire  -  << "[0xda][0x18]}Py[0xfe][0xff]E[0xb9][0xee][0x9a][0xbc][0xc6][0x92]B~u[0xae];l({[0xf1][\r][0xec][0xe5]@[0xb9][0x1e])F[0xdb]*[0xe0]GV[0x13]7[0xfd]I[0xcc][0xc3]PN0[0xbf][0xe][0xbb][0xa5][0x9c][0xeb][0x19][0xce][0xcd][0xc8][0x89]n[0xa3]1duo_[0xe9]8[0xe5]O[0xaa][0xa6][0x92][0xaf][0xcd]R[0xc6][0xcd][0xc][0xa3][0xb8][0x18][0x1d][0x9b][0xf]v6[0xab]5[0x99]*[0x1c]w[0xdc]}USF[0xda],u[0x14][0x17]s[0x90]b[0x84]4[0xe4][0xb8][0xa1][0x8c][0xaa]-[0xf2])[0xca][0xef][0xd4]M,?[0x87][0xd5]bL1[0x87]Y[0x8d][0x18][0xc6][0xb2]%[0x93][0xb5]nK[0xc6][0x1c][0xb7][0xac]S6[0xb1][0xdc][0xa7][0xd1]b[0xca][0xea];[0xe5][0xaf][0x84][0xd0]{[0xef]8[0x82][0xda]A[0xcf]fv[0xfd][0xe3][0xd0][0x9c][0xb7][0x84][0x95][0xb6][\r]H[0x88][0xf4]/[0xa6][0xff]E[0xbc][0x12]y[0xb1][0xa6][0xb7]5[0x5]Q3[0x91][0x14][0xa5][0xb3][0x91][0xf5][0xa6][0x8f][0xda][0xd9] [0xa2]K[0x9f]J[0x4][0xe2]wbQ[0xba][0x10][0x83]@&[0x81][0xde]3[0x95][0x1a]#Ug[0xb0][0xdf][0x2][0xf6][0x16][0x88]W[0x6][0x4][0x0][0x0]"
  [main] DEBUG org.apache.http.wire  -  << "[\r][\n]"
  [main] DEBUG org.apache.http.wire  -  << "0[\r][\n]"
  [main] DEBUG org.apache.http.wire  -  << "[\r][\n]"
  [main] DEBUG io.restassured.internal.RestAssuredHttpBuilder  - Parsed data to instance of: class org.apache.http.conn.EofSensorInputStream
  [main] DEBUG org.apache.http.impl.conn.BasicClientConnectionManager  - Releasing connection org.apache.http.impl.conn.ManagedClientConnectionImpl@7207cb51
  [main] DEBUG org.apache.http.impl.conn.BasicClientConnectionManager  - Connection can be kept alive indefinitely
  [main] INFO  com.qa.api.utility.Client  - ********** send GET request *************
  [main] INFO  com.qa.api.utility.Client  - URL https://reqres.in/api/users
  [main] INFO  com.qa.api.utility.Client  - Headers: {Accept=application/json, content-type=application/json}
  [main] INFO  com.qa.api.utility.Client  - Parameters: {page=2}
  [main] INFO  com.qa.api.utility.Client  - *****************************************
  [main] INFO  com.qa.api.utility.Client  - ********** send GET request *************
  [main] INFO  com.qa.api.utility.Client  - URL https://reqres.in/api/users
  [main] INFO  com.qa.api.utility.Client  - Headers: {Accept=application/json, Content-Type=application/json}
  [main] INFO  com.qa.api.utility.Client  - Parameters: {page=2}
  [main] INFO  com.qa.api.utility.Client  - *****************************************
  [main] INFO  com.qa.api.utility.Client  - ********** send GET request *************
  [main] INFO  com.qa.api.utility.Client  - URL https://reqres.in/api/users
  [main] INFO  com.qa.api.utility.Client  - Headers: {Accept=application/json, Content-Type=application/json}
  [main] INFO  com.qa.api.utility.Client  - Parameters: {page=2}
  [main] INFO  com.qa.api.utility.Client  - *****************************************
  [main] INFO  com.qa.api.utility.Client  - ********** send GET request *************
  [main] INFO  com.qa.api.utility.Client  - URL https://reqres.in/api/users
  [main] INFO  com.qa.api.utility.Client  - Headers: {Accept=application/json, Content-Type=application/json}
  [main] INFO  com.qa.api.utility.Client  - Parameters: {page=2}
  [main] INFO  com.qa.api.utility.Client  - *****************************************
  [main] INFO  com.qa.api.utility.Client  - ********** send GET request *************
  [main] INFO  com.qa.api.utility.Client  - URL https://reqres.in/api/users
  [main] INFO  com.qa.api.utility.Client  - Headers: {Accept=application/json, Content-Type=application/json}
  [main] INFO  com.qa.api.utility.Client  - Parameters: {page=2}
  [main] INFO  com.qa.api.utility.Client  - *****************************************
  [main] INFO  com.qa.api.utility.Client  - ********** send GET request *************
  [main] INFO  com.qa.api.utility.Client  - URL https://reqres.in/api/users
  [main] INFO  com.qa.api.utility.Client  - Headers: {Accept=application/json, Content-Type=application/json}
  [main] INFO  com.qa.api.utility.Client  - Parameters: {page=2}
  [main] INFO  com.qa.api.utility.Client  - *****************************************
  [main] INFO  com.qa.api.utility.Client  - ********** send GET request *************
  [main] INFO  com.qa.api.utility.Client  - URL https://reqres.in/api/users
  [main] INFO  com.qa.api.utility.Client  - Headers: {Accept=application/json, Content-Type=application/json}
  [main] INFO  com.qa.api.utility.Client  - Parameters: {page=2}
  [main] INFO  com.qa.api.utility.Client  - *****************************************
  [main] INFO  com.qa.api.utility.Client  - ********** send GET request *************
  [main] INFO  com.qa.api.utility.Client  - URL https://reqres.in/api/users
  [main] INFO  com.qa.api.utility.Client  - Headers: {Accept=application/json, Content-Type=application/json}
  [main] INFO  com.qa.api.utility.Client  - Parameters: {page=2}
  [main] INFO  com.qa.api.utility.Client  - *****************************************
  [main] INFO  com.qa.api.utility.Client  - ********** send GET request *************
  [main] INFO  com.qa.api.utility.Client  - URL https://reqres.in/api/users
  [main] INFO  com.qa.api.utility.Client  - Headers: {Accept=application/json, Content-Type=application/json}
  [main] INFO  com.qa.api.utility.Client  - Parameters: {page=2}
  [main] INFO  com.qa.api.utility.Client  - *****************************************
  [main] INFO  com.qa.api.utility.Client  - ********** send GET request *************
  [main] INFO  com.qa.api.utility.Client  - URL https://reqres.in/api/users
  [main] INFO  com.qa.api.utility.Client  - Headers: {Accept=application/json, Content-Type=application/json}
  [main] INFO  com.qa.api.utility.Client  - Parameters: {page=2}
  [main] INFO  com.qa.api.utility.Client  - *****************************************
  [main] INFO  com.qa.api.utility.Client  - ********** send GET request *************
  [main] INFO  com.qa.api.utility.Client  - URL https://reqres.in/api/users
  [main] INFO  com.qa.api.utility.Client  - Headers: {Accept=application/json, Content-Type=application/json}
  [main] INFO  com.qa.api.utility.Client  - Parameters: {page=2}
  [main] INFO  com.qa.api.utility.Client  - *****************************************
  [main] INFO  com.qa.api.utility.Client  - ********** send GET request *************
  [main] INFO  com.qa.api.utility.Client  - URL https://reqres.in/api/users
  [main] INFO  com.qa.api.utility.Client  - Headers: {Accept=application/json, Content-Type=application/json}
  [main] INFO  com.qa.api.utility.Client  - Parameters: {page=2}
  [main] INFO  com.qa.api.utility.Client  - *****************************************
  [main] INFO  com.qa.api.utility.Client  - ********** send GET request *************
  [main] INFO  com.qa.api.utility.Client  - URL https://reqres.in/api/users
  [main] INFO  com.qa.api.utility.Client  - Headers: {Accept=application/json, Content-Type=application/json}
  [main] INFO  com.qa.api.utility.Client  - Parameters: {page=2}
  [main] INFO  com.qa.api.utility.Client  - *****************************************
  